\BOOKMARK [0][-]{chapter.1}{Introduction}{}% 1
\BOOKMARK [1][-]{section.1.1}{Problem Statement}{chapter.1}% 2
\BOOKMARK [1][-]{section.1.2}{The Multi-Challenge}{chapter.1}% 3
\BOOKMARK [1][-]{section.1.3}{Related Work}{chapter.1}% 4
\BOOKMARK [0][-]{chapter.2}{Fluid-Structure Interaction}{}% 5
\BOOKMARK [1][-]{section.2.1}{Theoretical Background}{chapter.2}% 6
\BOOKMARK [1][-]{section.2.2}{Modelling}{chapter.2}% 7
\BOOKMARK [1][-]{section.2.3}{General Description of the Multi-Physics Code}{chapter.2}% 8
\BOOKMARK [1][-]{section.2.4}{General Description of the Coupling Library}{chapter.2}% 9
\BOOKMARK [0][-]{chapter.3}{Forward Propagation of Uncertainty}{}% 10
\BOOKMARK [1][-]{section.3.1}{Theoretical Background}{chapter.3}% 11
\BOOKMARK [1][-]{section.3.2}{Probabilistic Modelling}{chapter.3}% 12
\BOOKMARK [1][-]{section.3.3}{Overview of Sampling Methods}{chapter.3}% 13
\BOOKMARK [1][-]{section.3.4}{Monte Carlo Sampling}{chapter.3}% 14
\BOOKMARK [2][-]{subsection.3.4.1}{One-Dimensional Case}{section.3.4}% 15
\BOOKMARK [2][-]{subsection.3.4.2}{Multi-Dimensional Case}{section.3.4}% 16
\BOOKMARK [2][-]{subsection.3.4.3}{Convergence Analysis and Properties}{section.3.4}% 17
\BOOKMARK [1][-]{section.3.5}{Stochastic Collocations}{chapter.3}% 18
\BOOKMARK [2][-]{subsection.3.5.1}{Pseudo-spectral Approach}{section.3.5}% 19
\BOOKMARK [2][-]{subsection.3.5.2}{One-Dimensional Case}{section.3.5}% 20
\BOOKMARK [2][-]{subsection.3.5.3}{Multi-Dimensional Case}{section.3.5}% 21
\BOOKMARK [2][-]{subsection.3.5.4}{Convergence Analysis and Properties}{section.3.5}% 22
\BOOKMARK [1][-]{section.3.6}{Sparse Grids Stochastic Collocations}{chapter.3}% 23
\BOOKMARK [2][-]{subsection.3.6.1}{Overview of Sparse Grids}{section.3.6}% 24
\BOOKMARK [2][-]{subsection.3.6.2}{Sparse Grids Toolbox SG++}{section.3.6}% 25
\BOOKMARK [1][-]{section.3.7}{Probability Density Function Estimation}{chapter.3}% 26
\BOOKMARK [2][-]{subsection.3.7.1}{General Description}{section.3.7}% 27
\BOOKMARK [2][-]{subsection.3.7.2}{Kernel Density Estimation}{section.3.7}% 28
\BOOKMARK [0][-]{chapter.4}{Implementation Details}{}% 29
\BOOKMARK [1][-]{section.4.1}{General Description}{chapter.4}% 30
\BOOKMARK [1][-]{section.4.2}{Pre-processing}{chapter.4}% 31
\BOOKMARK [1][-]{section.4.3}{Simulation}{chapter.4}% 32
\BOOKMARK [1][-]{section.4.4}{Post-processing}{chapter.4}% 33
\BOOKMARK [0][-]{chapter.5}{Test Scenarios and Results}{}% 34
\BOOKMARK [1][-]{section.5.1}{Vertical Flap}{chapter.5}% 35
\BOOKMARK [2][-]{subsection.5.1.1}{Deterministic Simulation}{section.5.1}% 36
\BOOKMARK [2][-]{subsection.5.1.2}{One Dimensional UQ Simulation}{section.5.1}% 37
\BOOKMARK [2][-]{subsection.5.1.3}{Two Dimensional UQ Simulations}{section.5.1}% 38
\BOOKMARK [2][-]{subsection.5.1.4}{Five Dimensional UQ Simulations}{section.5.1}% 39
\BOOKMARK [1][-]{section.5.2}{Scenario II - rename}{chapter.5}% 40
\BOOKMARK [0][-]{chapter.6}{Conclusions}{}% 41
\BOOKMARK [1][-]{section.6.1}{Summary}{chapter.6}% 42
\BOOKMARK [1][-]{section.6.2}{Outlook}{chapter.6}% 43
\BOOKMARK [-1][]{part*.10}{Appendix}{}% 44
\BOOKMARK [0][-]{appendix.A}{To be written}{part*.10}% 45
\BOOKMARK [0][-]{appendix*.11}{Bibliography}{part*.10}% 46
